{"C:\\Users\\SMISHRA05\\Desktop\\CaseStudy\\fe-user\\src\\constant.type.ts": {"path":"C:\\Users\\SMISHRA05\\Desktop\\CaseStudy\\fe-user\\src\\constant.type.ts","statementMap":{"0":{"start":{"line":1,"column":13},"end":{"line":1,"column":79}},"1":{"start":{"line":2,"column":13},"end":{"line":3,"column":45}},"2":{"start":{"line":4,"column":13},"end":{"line":4,"column":30}}},"fnMap":{},"branchMap":{},"s":{"0":1,"1":1,"2":1},"f":{},"b":{}}
,"C:\\Users\\SMISHRA05\\Desktop\\CaseStudy\\fe-user\\src\\Components\\ListUser\\ListUser.tsx": {"path":"C:\\Users\\SMISHRA05\\Desktop\\CaseStudy\\fe-user\\src\\Components\\ListUser\\ListUser.tsx","statementMap":{"0":{"start":{"line":1,"column":0},"end":{"line":1,"column":51}},"1":{"start":{"line":2,"column":0},"end":{"line":2,"column":45}},"2":{"start":{"line":3,"column":0},"end":{"line":3,"column":36}},"3":{"start":{"line":4,"column":0},"end":{"line":4,"column":40}},"4":{"start":{"line":5,"column":0},"end":{"line":5,"column":48}},"5":{"start":{"line":6,"column":0},"end":{"line":6,"column":48}},"6":{"start":{"line":7,"column":0},"end":{"line":7,"column":58}},"7":{"start":{"line":8,"column":0},"end":{"line":8,"column":48}},"8":{"start":{"line":9,"column":0},"end":{"line":9,"column":60}},"9":{"start":{"line":10,"column":0},"end":{"line":10,"column":46}},"10":{"start":{"line":11,"column":0},"end":{"line":11,"column":58}},"11":{"start":{"line":12,"column":0},"end":{"line":12,"column":44}},"12":{"start":{"line":13,"column":0},"end":{"line":13,"column":50}},"13":{"start":{"line":14,"column":0},"end":{"line":14,"column":40}},"14":{"start":{"line":16,"column":0},"end":{"line":16,"column":50}},"15":{"start":{"line":17,"column":0},"end":{"line":17,"column":44}},"16":{"start":{"line":18,"column":0},"end":{"line":18,"column":52}},"17":{"start":{"line":19,"column":0},"end":{"line":19,"column":60}},"18":{"start":{"line":20,"column":0},"end":{"line":20,"column":44}},"19":{"start":{"line":22,"column":0},"end":{"line":22,"column":52}},"20":{"start":{"line":27,"column":2},"end":{"line":29,"column":null}},"21":{"start":{"line":28,"column":4},"end":{"line":28,"column":14}},"22":{"start":{"line":30,"column":2},"end":{"line":32,"column":null}},"23":{"start":{"line":31,"column":4},"end":{"line":31,"column":13}},"24":{"start":{"line":33,"column":2},"end":{"line":33,"column":11}},"25":{"start":{"line":45,"column":2},"end":{"line":47,"column":53}},"26":{"start":{"line":46,"column":16},"end":{"line":46,"column":null}},"27":{"start":{"line":47,"column":16},"end":{"line":47,"column":53}},"28":{"start":{"line":51,"column":25},"end":{"line":51,"column":77}},"29":{"start":{"line":51,"column":50},"end":{"line":51,"column":77}},"30":{"start":{"line":52,"column":2},"end":{"line":58,"column":5}},"31":{"start":{"line":53,"column":18},"end":{"line":53,"column":40}},"32":{"start":{"line":54,"column":4},"end":{"line":56,"column":null}},"33":{"start":{"line":55,"column":6},"end":{"line":55,"column":19}},"34":{"start":{"line":57,"column":4},"end":{"line":57,"column":23}},"35":{"start":{"line":59,"column":2},"end":{"line":59,"column":43}},"36":{"start":{"line":59,"column":36},"end":{"line":59,"column":42}},"37":{"start":{"line":64,"column":39},"end":{"line":83,"column":2}},"38":{"start":{"line":96,"column":4},"end":{"line":96,"column":10}},"39":{"start":{"line":98,"column":4},"end":{"line":98,"column":31}},"40":{"start":{"line":98,"column":30},"end":{"line":100,"column":6}},"41":{"start":{"line":99,"column":6},"end":{"line":99,"column":37}},"42":{"start":{"line":102,"column":2},"end":{"line":131,"column":4}},"43":{"start":{"line":108,"column":37},"end":{"line":128,"column":10}},"44":{"start":{"line":139,"column":26},"end":{"line":139,"column":32}},"45":{"start":{"line":141,"column":2},"end":{"line":185,"column":4}},"46":{"start":{"line":148,"column":12},"end":{"line":148,"column":null}},"47":{"start":{"line":188,"column":28},"end":{"line":188,"column":50}},"48":{"start":{"line":188,"column":14},"end":{"line":188,"column":16}},"49":{"start":{"line":188,"column":24},"end":{"line":188,"column":28}},"50":{"start":{"line":189,"column":32},"end":{"line":189,"column":65}},"51":{"start":{"line":189,"column":16},"end":{"line":189,"column":18}},"52":{"start":{"line":189,"column":28},"end":{"line":189,"column":32}},"53":{"start":{"line":190,"column":34},"end":{"line":190,"column":65}},"54":{"start":{"line":190,"column":17},"end":{"line":190,"column":19}},"55":{"start":{"line":190,"column":30},"end":{"line":190,"column":34}},"56":{"start":{"line":191,"column":26},"end":{"line":191,"column":37}},"57":{"start":{"line":191,"column":13},"end":{"line":191,"column":15}},"58":{"start":{"line":191,"column":22},"end":{"line":191,"column":26}},"59":{"start":{"line":192,"column":28},"end":{"line":192,"column":43}},"60":{"start":{"line":192,"column":14},"end":{"line":192,"column":16}},"61":{"start":{"line":192,"column":24},"end":{"line":192,"column":28}},"62":{"start":{"line":193,"column":40},"end":{"line":193,"column":51}},"63":{"start":{"line":193,"column":20},"end":{"line":193,"column":22}},"64":{"start":{"line":193,"column":36},"end":{"line":193,"column":40}},"65":{"start":{"line":194,"column":26},"end":{"line":194,"column":38}},"66":{"start":{"line":194,"column":13},"end":{"line":194,"column":15}},"67":{"start":{"line":194,"column":22},"end":{"line":194,"column":26}},"68":{"start":{"line":195,"column":38},"end":{"line":195,"column":49}},"69":{"start":{"line":195,"column":19},"end":{"line":195,"column":21}},"70":{"start":{"line":195,"column":34},"end":{"line":195,"column":38}},"71":{"start":{"line":199,"column":10},"end":{"line":199,"column":74}},"72":{"start":{"line":200,"column":17},"end":{"line":200,"column":null}},"73":{"start":{"line":200,"column":10},"end":{"line":200,"column":null}},"74":{"start":{"line":202,"column":9},"end":{"line":202,"column":13}},"75":{"start":{"line":203,"column":23},"end":{"line":203,"column":null}},"76":{"start":{"line":203,"column":12},"end":{"line":203,"column":null}},"77":{"start":{"line":204,"column":8},"end":{"line":204,"column":24}},"78":{"start":{"line":206,"column":8},"end":{"line":206,"column":18}},"79":{"start":{"line":209,"column":6},"end":{"line":209,"column":23}},"80":{"start":{"line":212,"column":2},"end":{"line":217,"column":null}},"81":{"start":{"line":213,"column":4},"end":{"line":216,"column":null}},"82":{"start":{"line":214,"column":6},"end":{"line":214,"column":32}},"83":{"start":{"line":215,"column":6},"end":{"line":215,"column":37}},"84":{"start":{"line":219,"column":28},"end":{"line":226,"column":3}},"85":{"start":{"line":223,"column":18},"end":{"line":223,"column":57}},"86":{"start":{"line":224,"column":4},"end":{"line":224,"column":37}},"87":{"start":{"line":225,"column":4},"end":{"line":225,"column":25}},"88":{"start":{"line":228,"column":31},"end":{"line":235,"column":3}},"89":{"start":{"line":229,"column":4},"end":{"line":233,"column":null}},"90":{"start":{"line":230,"column":26},"end":{"line":230,"column":53}},"91":{"start":{"line":230,"column":48},"end":{"line":230,"column":53}},"92":{"start":{"line":231,"column":6},"end":{"line":231,"column":31}},"93":{"start":{"line":232,"column":6},"end":{"line":232,"column":13}},"94":{"start":{"line":234,"column":4},"end":{"line":234,"column":20}},"95":{"start":{"line":237,"column":22},"end":{"line":254,"column":3}},"96":{"start":{"line":238,"column":26},"end":{"line":238,"column":46}},"97":{"start":{"line":239,"column":41},"end":{"line":239,"column":43}},"98":{"start":{"line":241,"column":4},"end":{"line":252,"column":null}},"99":{"start":{"line":242,"column":6},"end":{"line":242,"column":53}},"100":{"start":{"line":243,"column":11},"end":{"line":252,"column":null}},"101":{"start":{"line":244,"column":6},"end":{"line":244,"column":58}},"102":{"start":{"line":245,"column":11},"end":{"line":252,"column":null}},"103":{"start":{"line":246,"column":6},"end":{"line":246,"column":62}},"104":{"start":{"line":247,"column":11},"end":{"line":252,"column":null}},"105":{"start":{"line":248,"column":6},"end":{"line":251,"column":8}},"106":{"start":{"line":253,"column":4},"end":{"line":253,"column":29}},"107":{"start":{"line":256,"column":27},"end":{"line":258,"column":3}},"108":{"start":{"line":257,"column":4},"end":{"line":257,"column":21}},"109":{"start":{"line":260,"column":34},"end":{"line":263,"column":3}},"110":{"start":{"line":261,"column":4},"end":{"line":261,"column":53}},"111":{"start":{"line":262,"column":4},"end":{"line":262,"column":15}},"112":{"start":{"line":265,"column":28},"end":{"line":267,"column":3}},"113":{"start":{"line":266,"column":4},"end":{"line":266,"column":35}},"114":{"start":{"line":269,"column":21},"end":{"line":269,"column":42}},"115":{"start":{"line":269,"column":34},"end":{"line":269,"column":62}},"116":{"start":{"line":273,"column":4},"end":{"line":273,"column":70}},"117":{"start":{"line":275,"column":22},"end":{"line":281,"column":null}},"118":{"start":{"line":277,"column":6},"end":{"line":280,"column":null}},"119":{"start":{"line":284,"column":2},"end":{"line":360,"column":4}},"120":{"start":{"line":304,"column":39},"end":{"line":304,"column":57}},"121":{"start":{"line":305,"column":32},"end":{"line":305,"column":66}},"122":{"start":{"line":307,"column":16},"end":{"line":334,"column":18}},"123":{"start":{"line":310,"column":40},"end":{"line":310,"column":null}},"124":{"start":{"line":187,"column":0},"end":{"line":187,"column":24}}},"fnMap":{"0":{"name":"descendingComparator","decl":{"start":{"line":26,"column":9},"end":{"line":26,"column":29}},"loc":{"start":{"line":26,"column":61},"end":{"line":34,"column":1}}},"1":{"name":"getComparator","decl":{"start":{"line":38,"column":9},"end":{"line":38,"column":22}},"loc":{"start":{"line":40,"column":14},"end":{"line":48,"column":1}}},"2":{"name":"(anonymous_18)","decl":{"start":{"line":46,"column":6},"end":{"line":46,"column":7}},"loc":{"start":{"line":46,"column":11},"end":{"line":46,"column":36}}},"3":{"name":"(anonymous_19)","decl":{"start":{"line":47,"column":6},"end":{"line":47,"column":7}},"loc":{"start":{"line":47,"column":11},"end":{"line":47,"column":17}}},"4":{"name":"stableSort","decl":{"start":{"line":50,"column":9},"end":{"line":50,"column":19}},"loc":{"start":{"line":50,"column":78},"end":{"line":60,"column":1}}},"5":{"name":"(anonymous_21)","decl":{"start":{"line":51,"column":35},"end":{"line":51,"column":36}},"loc":{"start":{"line":51,"column":45},"end":{"line":51,"column":51}}},"6":{"name":"(anonymous_22)","decl":{"start":{"line":52,"column":22},"end":{"line":52,"column":23}},"loc":{"start":{"line":52,"column":27},"end":{"line":58,"column":3}}},"7":{"name":"(anonymous_23)","decl":{"start":{"line":59,"column":28},"end":{"line":59,"column":29}},"loc":{"start":{"line":59,"column":31},"end":{"line":59,"column":38}}},"8":{"name":"EnhancedTableHead","decl":{"start":{"line":94,"column":9},"end":{"line":94,"column":26}},"loc":{"start":{"line":94,"column":52},"end":{"line":132,"column":1}}},"9":{"name":"(anonymous_25)","decl":{"start":{"line":98,"column":4},"end":{"line":98,"column":5}},"loc":{"start":{"line":98,"column":25},"end":{"line":98,"column":31}}},"10":{"name":"(anonymous_26)","decl":{"start":{"line":98,"column":30},"end":{"line":98,"column":31}},"loc":{"start":{"line":98,"column":63},"end":{"line":100,"column":5}}},"11":{"name":"(anonymous_27)","decl":{"start":{"line":108,"column":23},"end":{"line":108,"column":24}},"loc":{"start":{"line":108,"column":32},"end":{"line":108,"column":null}}},"12":{"name":"EnhancedTableToolbar","decl":{"start":{"line":138,"column":9},"end":{"line":138,"column":29}},"loc":{"start":{"line":138,"column":62},"end":{"line":186,"column":1}}},"13":{"name":"(anonymous_29)","decl":{"start":{"line":147,"column":19},"end":{"line":147,"column":20}},"loc":{"start":{"line":147,"column":25},"end":{"line":148,"column":17}}},"14":{"name":"ListUser","decl":{"start":{"line":187,"column":24},"end":{"line":187,"column":32}},"loc":{"start":{"line":187,"column":32},"end":{"line":361,"column":1}}},"15":{"name":"getUserList","decl":{"start":{"line":197,"column":17},"end":{"line":197,"column":28}},"loc":{"start":{"line":197,"column":62},"end":{"line":211,"column":null}}},"16":{"name":"(anonymous_34)","decl":{"start":{"line":212,"column":12},"end":{"line":212,"column":null}},"loc":{"start":{"line":212,"column":12},"end":{"line":217,"column":3}}},"17":{"name":"(anonymous_35)","decl":{"start":{"line":213,"column":40},"end":{"line":213,"column":41}},"loc":{"start":{"line":213,"column":44},"end":{"line":216,"column":5}}},"18":{"name":"(anonymous_36)","decl":{"start":{"line":219,"column":28},"end":{"line":219,"column":null}},"loc":{"start":{"line":221,"column":24},"end":{"line":226,"column":3}}},"19":{"name":"(anonymous_37)","decl":{"start":{"line":228,"column":31},"end":{"line":228,"column":32}},"loc":{"start":{"line":228,"column":74},"end":{"line":235,"column":3}}},"20":{"name":"(anonymous_38)","decl":{"start":{"line":230,"column":35},"end":{"line":230,"column":36}},"loc":{"start":{"line":230,"column":43},"end":{"line":230,"column":49}}},"21":{"name":"(anonymous_39)","decl":{"start":{"line":237,"column":22},"end":{"line":237,"column":23}},"loc":{"start":{"line":237,"column":64},"end":{"line":254,"column":3}}},"22":{"name":"(anonymous_40)","decl":{"start":{"line":256,"column":27},"end":{"line":256,"column":28}},"loc":{"start":{"line":256,"column":59},"end":{"line":258,"column":3}}},"23":{"name":"(anonymous_41)","decl":{"start":{"line":260,"column":34},"end":{"line":260,"column":35}},"loc":{"start":{"line":260,"column":77},"end":{"line":263,"column":3}}},"24":{"name":"(anonymous_42)","decl":{"start":{"line":265,"column":28},"end":{"line":265,"column":29}},"loc":{"start":{"line":265,"column":71},"end":{"line":267,"column":3}}},"25":{"name":"(anonymous_43)","decl":{"start":{"line":269,"column":21},"end":{"line":269,"column":22}},"loc":{"start":{"line":269,"column":29},"end":{"line":269,"column":42}}},"26":{"name":"(anonymous_44)","decl":{"start":{"line":276,"column":4},"end":{"line":276,"column":null}},"loc":{"start":{"line":276,"column":4},"end":{"line":277,"column":16}}},"27":{"name":"(anonymous_45)","decl":{"start":{"line":303,"column":31},"end":{"line":303,"column":32}},"loc":{"start":{"line":303,"column":42},"end":{"line":335,"column":15}}},"28":{"name":"(anonymous_46)","decl":{"start":{"line":310,"column":29},"end":{"line":310,"column":30}},"loc":{"start":{"line":310,"column":35},"end":{"line":310,"column":51}}}},"branchMap":{"0":{"loc":{"start":{"line":27,"column":2},"end":{"line":29,"column":null}},"type":"if","locations":[{"start":{"line":27,"column":2},"end":{"line":29,"column":null}}]},"1":{"loc":{"start":{"line":30,"column":2},"end":{"line":32,"column":null}},"type":"if","locations":[{"start":{"line":30,"column":2},"end":{"line":32,"column":null}}]},"2":{"loc":{"start":{"line":45,"column":9},"end":{"line":47,"column":17}},"type":"cond-expr","locations":[{"start":{"line":46,"column":6},"end":{"line":46,"column":36}},{"start":{"line":47,"column":6},"end":{"line":47,"column":17}}]},"3":{"loc":{"start":{"line":54,"column":4},"end":{"line":56,"column":null}},"type":"if","locations":[{"start":{"line":54,"column":4},"end":{"line":56,"column":null}}]},"4":{"loc":{"start":{"line":111,"column":19},"end":{"line":111,"column":54}},"type":"cond-expr","locations":[{"start":{"line":111,"column":38},"end":{"line":111,"column":45}},{"start":{"line":111,"column":48},"end":{"line":111,"column":54}}]},"5":{"loc":{"start":{"line":112,"column":21},"end":{"line":112,"column":64}},"type":"cond-expr","locations":[{"start":{"line":112,"column":47},"end":{"line":112,"column":53}},{"start":{"line":112,"column":56},"end":{"line":112,"column":64}}]},"6":{"loc":{"start":{"line":113,"column":27},"end":{"line":113,"column":66}},"type":"cond-expr","locations":[{"start":{"line":113,"column":53},"end":{"line":113,"column":58}},{"start":{"line":113,"column":61},"end":{"line":113,"column":66}}]},"7":{"loc":{"start":{"line":117,"column":25},"end":{"line":117,"column":64}},"type":"cond-expr","locations":[{"start":{"line":117,"column":51},"end":{"line":117,"column":56}},{"start":{"line":117,"column":59},"end":{"line":117,"column":64}}]},"8":{"loc":{"start":{"line":121,"column":15},"end":{"line":125,"column":22}},"type":"cond-expr","locations":[{"start":{"line":122,"column":16},"end":{"line":123,"column":null}},{"start":{"line":125,"column":18},"end":{"line":125,"column":22}}]},"9":{"loc":{"start":{"line":123,"column":19},"end":{"line":123,"column":78}},"type":"cond-expr","locations":[{"start":{"line":123,"column":38},"end":{"line":123,"column":57}},{"start":{"line":123,"column":60},"end":{"line":123,"column":78}}]},"10":{"loc":{"start":{"line":146,"column":12},"end":{"line":149,"column":10}},"type":"binary-expr","locations":[{"start":{"line":146,"column":12},"end":{"line":146,"column":27}},{"start":{"line":146,"column":31},"end":{"line":149,"column":10}}]},"11":{"loc":{"start":{"line":152,"column":7},"end":{"line":169,"column":null}},"type":"cond-expr","locations":[{"start":{"line":153,"column":8},"end":{"line":159,"column":null}},{"start":{"line":162,"column":8},"end":{"line":166,"column":null}}]},"12":{"loc":{"start":{"line":171,"column":7},"end":{"line":182,"column":null}},"type":"cond-expr","locations":[{"start":{"line":172,"column":8},"end":{"line":175,"column":null}},{"start":{"line":178,"column":8},"end":{"line":181,"column":null}}]},"13":{"loc":{"start":{"line":206,"column":8},"end":{"line":206,"column":18}},"type":"switch","locations":[{"start":{"line":206,"column":8},"end":{"line":206,"column":18}}]},"14":{"loc":{"start":{"line":202,"column":9},"end":{"line":202,"column":13}},"type":"if","locations":[{"start":{"line":202,"column":9},"end":{"line":202,"column":13}}]},"15":{"loc":{"start":{"line":214,"column":14},"end":{"line":214,"column":30}},"type":"cond-expr","locations":[{"start":{"line":214,"column":17},"end":{"line":214,"column":19}},{"start":{"line":214,"column":14},"end":{"line":214,"column":30}}]},"16":{"loc":{"start":{"line":214,"column":14},"end":{"line":214,"column":19}},"type":"binary-expr","locations":[{"start":{"line":214,"column":14},"end":{"line":214,"column":19}},{"start":{"line":214,"column":14},"end":{"line":214,"column":19}}]},"17":{"loc":{"start":{"line":215,"column":20},"end":{"line":215,"column":35}},"type":"cond-expr","locations":[{"start":{"line":215,"column":23},"end":{"line":215,"column":25}},{"start":{"line":215,"column":20},"end":{"line":215,"column":35}}]},"18":{"loc":{"start":{"line":215,"column":20},"end":{"line":215,"column":25}},"type":"binary-expr","locations":[{"start":{"line":215,"column":20},"end":{"line":215,"column":25}},{"start":{"line":215,"column":20},"end":{"line":215,"column":25}}]},"19":{"loc":{"start":{"line":223,"column":18},"end":{"line":223,"column":57}},"type":"binary-expr","locations":[{"start":{"line":223,"column":18},"end":{"line":223,"column":38}},{"start":{"line":223,"column":42},"end":{"line":223,"column":57}}]},"20":{"loc":{"start":{"line":224,"column":13},"end":{"line":224,"column":35}},"type":"cond-expr","locations":[{"start":{"line":224,"column":21},"end":{"line":224,"column":27}},{"start":{"line":224,"column":30},"end":{"line":224,"column":35}}]},"21":{"loc":{"start":{"line":229,"column":4},"end":{"line":233,"column":null}},"type":"if","locations":[{"start":{"line":229,"column":4},"end":{"line":233,"column":null}}]},"22":{"loc":{"start":{"line":241,"column":4},"end":{"line":252,"column":null}},"type":"if","locations":[{"start":{"line":241,"column":4},"end":{"line":252,"column":null}},{"start":{"line":243,"column":11},"end":{"line":252,"column":null}}]},"23":{"loc":{"start":{"line":243,"column":11},"end":{"line":252,"column":null}},"type":"if","locations":[{"start":{"line":243,"column":11},"end":{"line":252,"column":null}},{"start":{"line":245,"column":11},"end":{"line":252,"column":null}}]},"24":{"loc":{"start":{"line":245,"column":11},"end":{"line":252,"column":null}},"type":"if","locations":[{"start":{"line":245,"column":11},"end":{"line":252,"column":null}},{"start":{"line":247,"column":11},"end":{"line":252,"column":null}}]},"25":{"loc":{"start":{"line":247,"column":11},"end":{"line":252,"column":null}},"type":"if","locations":[{"start":{"line":247,"column":11},"end":{"line":252,"column":null}}]},"26":{"loc":{"start":{"line":273,"column":4},"end":{"line":273,"column":70}},"type":"cond-expr","locations":[{"start":{"line":273,"column":15},"end":{"line":273,"column":66}},{"start":{"line":273,"column":69},"end":{"line":273,"column":70}}]},"27":{"loc":{"start":{"line":292,"column":18},"end":{"line":292,"column":44}},"type":"cond-expr","locations":[{"start":{"line":292,"column":26},"end":{"line":292,"column":33}},{"start":{"line":292,"column":36},"end":{"line":292,"column":44}}]},"28":{"loc":{"start":{"line":336,"column":15},"end":{"line":343,"column":null}},"type":"binary-expr","locations":[{"start":{"line":336,"column":15},"end":{"line":336,"column":28}},{"start":{"line":337,"column":16},"end":{"line":342,"column":null}}]},"29":{"loc":{"start":{"line":339,"column":29},"end":{"line":339,"column":44}},"type":"cond-expr","locations":[{"start":{"line":339,"column":37},"end":{"line":339,"column":39}},{"start":{"line":339,"column":42},"end":{"line":339,"column":44}}]}},"s":{"0":1,"1":1,"2":1,"3":1,"4":1,"5":1,"6":1,"7":1,"8":1,"9":1,"10":1,"11":1,"12":1,"13":1,"14":1,"15":1,"16":1,"17":1,"18":1,"19":1,"20":0,"21":0,"22":0,"23":0,"24":0,"25":0,"26":0,"27":0,"28":0,"29":0,"30":0,"31":0,"32":0,"33":0,"34":0,"35":0,"36":0,"37":1,"38":0,"39":0,"40":0,"41":0,"42":0,"43":0,"44":0,"45":0,"46":0,"47":0,"48":0,"49":0,"50":0,"51":0,"52":0,"53":0,"54":0,"55":0,"56":0,"57":0,"58":0,"59":0,"60":0,"61":0,"62":0,"63":0,"64":0,"65":0,"66":0,"67":0,"68":0,"69":0,"70":0,"71":0,"72":0,"73":0,"74":0,"75":0,"76":0,"77":0,"78":0,"79":0,"80":0,"81":0,"82":0,"83":0,"84":0,"85":0,"86":0,"87":0,"88":0,"89":0,"90":0,"91":0,"92":0,"93":0,"94":0,"95":0,"96":0,"97":0,"98":0,"99":0,"100":0,"101":0,"102":0,"103":0,"104":0,"105":0,"106":0,"107":0,"108":0,"109":0,"110":0,"111":0,"112":0,"113":0,"114":0,"115":0,"116":0,"117":0,"118":0,"119":0,"120":0,"121":0,"122":0,"123":0,"124":1},"f":{"0":0,"1":0,"2":0,"3":0,"4":0,"5":0,"6":0,"7":0,"8":0,"9":0,"10":0,"11":0,"12":0,"13":0,"14":0,"15":0,"16":0,"17":0,"18":0,"19":0,"20":0,"21":0,"22":0,"23":0,"24":0,"25":0,"26":0,"27":0,"28":0},"b":{"0":[0],"1":[0],"2":[0,0],"3":[0],"4":[0,0],"5":[0,0],"6":[0,0],"7":[0,0],"8":[0,0],"9":[0,0],"10":[0,0],"11":[0,0],"12":[0,0],"13":[0],"14":[0],"15":[0,0],"16":[0,0],"17":[0,0],"18":[0,0],"19":[0,0],"20":[0,0],"21":[0],"22":[0,0],"23":[0,0],"24":[0,0],"25":[0],"26":[0,0],"27":[0,0],"28":[0,0],"29":[0,0]}}
}
