TN:
SF:src\constant.type.ts
FNF:0
FNH:0
DA:1,1
DA:2,1
DA:4,1
LF:3
LH:3
BRF:0
BRH:0
end_of_record
TN:
SF:src\Components\ListUser\ListUser.tsx
FN:26,descendingComparator
FN:38,getComparator
FN:46,(anonymous_18)
FN:47,(anonymous_19)
FN:50,stableSort
FN:51,(anonymous_21)
FN:52,(anonymous_22)
FN:59,(anonymous_23)
FN:94,EnhancedTableHead
FN:98,(anonymous_25)
FN:98,(anonymous_26)
FN:108,(anonymous_27)
FN:138,EnhancedTableToolbar
FN:147,(anonymous_29)
FN:187,ListUser
FN:197,getUserList
FN:212,(anonymous_34)
FN:213,(anonymous_35)
FN:219,(anonymous_36)
FN:228,(anonymous_37)
FN:230,(anonymous_38)
FN:237,(anonymous_39)
FN:256,(anonymous_40)
FN:260,(anonymous_41)
FN:265,(anonymous_42)
FN:269,(anonymous_43)
FN:276,(anonymous_44)
FN:303,(anonymous_45)
FN:310,(anonymous_46)
FNF:29
FNH:0
FNDA:0,descendingComparator
FNDA:0,getComparator
FNDA:0,(anonymous_18)
FNDA:0,(anonymous_19)
FNDA:0,stableSort
FNDA:0,(anonymous_21)
FNDA:0,(anonymous_22)
FNDA:0,(anonymous_23)
FNDA:0,EnhancedTableHead
FNDA:0,(anonymous_25)
FNDA:0,(anonymous_26)
FNDA:0,(anonymous_27)
FNDA:0,EnhancedTableToolbar
FNDA:0,(anonymous_29)
FNDA:0,ListUser
FNDA:0,getUserList
FNDA:0,(anonymous_34)
FNDA:0,(anonymous_35)
FNDA:0,(anonymous_36)
FNDA:0,(anonymous_37)
FNDA:0,(anonymous_38)
FNDA:0,(anonymous_39)
FNDA:0,(anonymous_40)
FNDA:0,(anonymous_41)
FNDA:0,(anonymous_42)
FNDA:0,(anonymous_43)
FNDA:0,(anonymous_44)
FNDA:0,(anonymous_45)
FNDA:0,(anonymous_46)
DA:1,1
DA:2,1
DA:3,1
DA:4,1
DA:5,1
DA:6,1
DA:7,1
DA:8,1
DA:9,1
DA:10,1
DA:11,1
DA:12,1
DA:13,1
DA:14,1
DA:16,1
DA:17,1
DA:18,1
DA:19,1
DA:20,1
DA:22,1
DA:27,0
DA:28,0
DA:30,0
DA:31,0
DA:33,0
DA:45,0
DA:46,0
DA:47,0
DA:51,0
DA:52,0
DA:53,0
DA:54,0
DA:55,0
DA:57,0
DA:59,0
DA:64,1
DA:96,0
DA:98,0
DA:99,0
DA:102,0
DA:108,0
DA:139,0
DA:141,0
DA:148,0
DA:187,1
DA:188,0
DA:189,0
DA:190,0
DA:191,0
DA:192,0
DA:193,0
DA:194,0
DA:195,0
DA:199,0
DA:200,0
DA:202,0
DA:203,0
DA:204,0
DA:206,0
DA:209,0
DA:212,0
DA:213,0
DA:214,0
DA:215,0
DA:219,0
DA:223,0
DA:224,0
DA:225,0
DA:228,0
DA:229,0
DA:230,0
DA:231,0
DA:232,0
DA:234,0
DA:237,0
DA:238,0
DA:239,0
DA:241,0
DA:242,0
DA:243,0
DA:244,0
DA:245,0
DA:246,0
DA:247,0
DA:248,0
DA:253,0
DA:256,0
DA:257,0
DA:260,0
DA:261,0
DA:262,0
DA:265,0
DA:266,0
DA:269,0
DA:273,0
DA:275,0
DA:277,0
DA:284,0
DA:304,0
DA:305,0
DA:307,0
DA:310,0
LF:102
LH:22
BRDA:27,0,0,0
BRDA:30,1,0,0
BRDA:45,2,0,0
BRDA:45,2,1,0
BRDA:54,3,0,0
BRDA:111,4,0,0
BRDA:111,4,1,0
BRDA:112,5,0,0
BRDA:112,5,1,0
BRDA:113,6,0,0
BRDA:113,6,1,0
BRDA:117,7,0,0
BRDA:117,7,1,0
BRDA:121,8,0,0
BRDA:121,8,1,0
BRDA:123,9,0,0
BRDA:123,9,1,0
BRDA:146,10,0,0
BRDA:146,10,1,0
BRDA:152,11,0,0
BRDA:152,11,1,0
BRDA:171,12,0,0
BRDA:171,12,1,0
BRDA:206,13,0,0
BRDA:202,14,0,0
BRDA:214,15,0,0
BRDA:214,15,1,0
BRDA:214,16,0,0
BRDA:214,16,1,0
BRDA:215,17,0,0
BRDA:215,17,1,0
BRDA:215,18,0,0
BRDA:215,18,1,0
BRDA:223,19,0,0
BRDA:223,19,1,0
BRDA:224,20,0,0
BRDA:224,20,1,0
BRDA:229,21,0,0
BRDA:241,22,0,0
BRDA:241,22,1,0
BRDA:243,23,0,0
BRDA:243,23,1,0
BRDA:245,24,0,0
BRDA:245,24,1,0
BRDA:247,25,0,0
BRDA:273,26,0,0
BRDA:273,26,1,0
BRDA:292,27,0,0
BRDA:292,27,1,0
BRDA:336,28,0,0
BRDA:336,28,1,0
BRDA:339,29,0,0
BRDA:339,29,1,0
BRF:53
BRH:0
end_of_record
