TN:
SF:constant.types.ts
FNF:0
FNH:0
DA:1,1
DA:3,1
LF:2
LH:2
BRF:0
BRH:0
end_of_record
TN:
SF:index.ts
FN:31,(anonymous_1)
FNF:1
FNH:0
FNDA:0,(anonymous_1)
DA:1,1
DA:2,1
DA:3,1
DA:4,1
DA:5,1
DA:7,1
DA:12,1
DA:14,1
DA:15,1
DA:23,1
DA:24,1
DA:25,1
DA:31,1
DA:32,0
DA:40,1
LF:15
LH:14
BRF:0
BRH:0
end_of_record
TN:
SF:config\mongoose.ts
FN:9,(anonymous_1)
FN:22,(anonymous_2)
FNF:2
FNH:1
FNDA:0,(anonymous_1)
FNDA:1,(anonymous_2)
DA:1,1
DA:2,1
DA:4,1
DA:6,1
DA:9,1
DA:10,0
DA:11,0
DA:22,1
DA:23,1
DA:26,1
DA:29,1
LF:11
LH:9
BRF:0
BRH:0
end_of_record
TN:
SF:controller\user.controller.ts
FN:4,(anonymous_8)
FN:4,(anonymous_9)
FN:41,(anonymous_10)
FN:41,(anonymous_11)
FNF:4
FNH:4
FNDA:1,(anonymous_8)
FNDA:1,(anonymous_9)
FNDA:1,(anonymous_10)
FNDA:1,(anonymous_11)
DA:2,1
DA:4,1
DA:5,1
DA:7,1
DA:8,1
DA:10,1
DA:12,0
DA:13,0
DA:19,0
DA:26,0
DA:27,0
DA:28,0
DA:35,1
DA:36,1
DA:41,1
DA:42,1
DA:43,1
DA:45,1
DA:47,1
DA:49,1
DA:51,1
DA:53,1
DA:54,1
DA:61,0
DA:62,0
LF:25
LH:17
BRDA:12,0,0,0
BRDA:12,0,1,0
BRDA:27,1,0,0
BRDA:35,2,0,1
BRDA:45,3,0,0
BRDA:45,3,1,1
BRDA:47,4,0,0
BRDA:47,4,1,1
BRDA:53,5,0,1
BRDA:61,6,0,0
BRF:10
BRH:4
end_of_record
TN:
SF:middleware\schema.middleware.ts
FN:4,(anonymous_0)
FN:5,(anonymous_1)
FN:13,(anonymous_2)
FNF:3
FNH:3
FNDA:1,(anonymous_0)
FNDA:2,(anonymous_1)
FNDA:1,(anonymous_2)
DA:1,1
DA:4,1
DA:5,1
DA:6,2
DA:7,2
DA:9,2
DA:10,1
DA:12,1
DA:13,1
DA:15,1
DA:18,1
LF:11
LH:11
BRDA:9,0,0,1
BRDA:9,0,1,1
BRF:2
BRH:2
end_of_record
TN:
SF:middleware\schema.ts
FNF:0
FNH:0
DA:1,1
DA:4,1
DA:10,1
LF:3
LH:3
BRF:0
BRH:0
end_of_record
TN:
SF:model\userModel.ts
FN:4,(anonymous_6)
FNF:1
FNH:0
FNDA:0,(anonymous_6)
DA:1,1
DA:4,1
DA:5,0
DA:6,0
DA:9,1
DA:22,1
DA:24,1
LF:7
LH:5
BRF:0
BRH:0
end_of_record
TN:
SF:route\user.route.ts
FNF:0
FNH:0
DA:1,1
DA:3,1
DA:4,1
DA:5,1
DA:6,1
DA:12,1
DA:14,1
DA:17,1
LF:8
LH:8
BRF:0
BRH:0
end_of_record
